<?xml version="1.0" encoding="UTF-8"?>
<testsuite xmlns:xsi="http://www.w3.org/2001/XMLSchema-instance" xsi:noNamespaceSchemaLocation="https://maven.apache.org/surefire/maven-surefire-plugin/xsd/surefire-test-report-3.0.xsd" version="3.0" name="com.revature.AppTest" time="0.062" tests="1" errors="0" skipped="0" failures="0">
  <properties>
    <property name="java.specification.version" value="17"/>
    <property name="sun.jnu.encoding" value="UTF-8"/>
    <property name="java.class.path" value="/Users/argos/_dev/my-training-notes/demos/helloservlets/target/test-classes:/Users/argos/_dev/my-training-notes/demos/helloservlets/target/classes:/Users/argos/.m2/repository/org/junit/jupiter/junit-jupiter-api/5.6.0/junit-jupiter-api-5.6.0.jar:/Users/argos/.m2/repository/org/apiguardian/apiguardian-api/1.1.0/apiguardian-api-1.1.0.jar:/Users/argos/.m2/repository/org/opentest4j/opentest4j/1.2.0/opentest4j-1.2.0.jar:/Users/argos/.m2/repository/org/junit/platform/junit-platform-commons/1.6.0/junit-platform-commons-1.6.0.jar:/Users/argos/.m2/repository/org/junit/jupiter/junit-jupiter-engine/5.6.0/junit-jupiter-engine-5.6.0.jar:/Users/argos/.m2/repository/org/junit/platform/junit-platform-engine/1.6.0/junit-platform-engine-1.6.0.jar:"/>
    <property name="java.vm.vendor" value="Eclipse Adoptium"/>
    <property name="sun.arch.data.model" value="64"/>
    <property name="java.vendor.url" value="https://adoptium.net/"/>
    <property name="os.name" value="Mac OS X"/>
    <property name="java.vm.specification.version" value="17"/>
    <property name="sun.java.launcher" value="SUN_STANDARD"/>
    <property name="user.country" value="US"/>
    <property name="sun.boot.library.path" value="/Library/Java/JavaVirtualMachines/temurin-17.jdk/Contents/Home/lib"/>
    <property name="sun.java.command" value="/Users/argos/_dev/my-training-notes/demos/helloservlets/target/surefire/surefirebooter3049053357603852491.jar /Users/argos/_dev/my-training-notes/demos/helloservlets/target/surefire 2022-05-09T12-53-20_296-jvmRun1 surefire2325504183742817934tmp surefire_016629577411143892169tmp"/>
    <property name="http.nonProxyHosts" value="local|*.local|169.254/16|*.169.254/16"/>
    <property name="jdk.debug" value="release"/>
    <property name="surefire.test.class.path" value="/Users/argos/_dev/my-training-notes/demos/helloservlets/target/test-classes:/Users/argos/_dev/my-training-notes/demos/helloservlets/target/classes:/Users/argos/.m2/repository/org/junit/jupiter/junit-jupiter-api/5.6.0/junit-jupiter-api-5.6.0.jar:/Users/argos/.m2/repository/org/apiguardian/apiguardian-api/1.1.0/apiguardian-api-1.1.0.jar:/Users/argos/.m2/repository/org/opentest4j/opentest4j/1.2.0/opentest4j-1.2.0.jar:/Users/argos/.m2/repository/org/junit/platform/junit-platform-commons/1.6.0/junit-platform-commons-1.6.0.jar:/Users/argos/.m2/repository/org/junit/jupiter/junit-jupiter-engine/5.6.0/junit-jupiter-engine-5.6.0.jar:/Users/argos/.m2/repository/org/junit/platform/junit-platform-engine/1.6.0/junit-platform-engine-1.6.0.jar:"/>
    <property name="sun.cpu.endian" value="little"/>
    <property name="user.home" value="/Users/argos"/>
    <property name="user.language" value="en"/>
    <property name="java.specification.vendor" value="Oracle Corporation"/>
    <property name="java.version.date" value="2022-01-18"/>
    <property name="java.home" value="/Library/Java/JavaVirtualMachines/temurin-17.jdk/Contents/Home"/>
    <property name="file.separator" value="/"/>
    <property name="basedir" value="/Users/argos/_dev/my-training-notes/demos/helloservlets"/>
    <property name="java.vm.compressedOopsMode" value="Zero based"/>
    <property name="line.separator" value="&#10;"/>
    <property name="java.specification.name" value="Java Platform API Specification"/>
    <property name="java.vm.specification.vendor" value="Oracle Corporation"/>
    <property name="surefire.real.class.path" value="/Users/argos/_dev/my-training-notes/demos/helloservlets/target/surefire/surefirebooter3049053357603852491.jar"/>
    <property name="sun.management.compiler" value="HotSpot 64-Bit Tiered Compilers"/>
    <property name="ftp.nonProxyHosts" value="local|*.local|169.254/16|*.169.254/16"/>
    <property name="java.runtime.version" value="17.0.2+8"/>
    <property name="user.name" value="argos"/>
    <property name="path.separator" value=":"/>
    <property name="os.version" value="12.3.1"/>
    <property name="java.runtime.name" value="OpenJDK Runtime Environment"/>
    <property name="file.encoding" value="UTF-8"/>
    <property name="java.vm.name" value="OpenJDK 64-Bit Server VM"/>
    <property name="java.vendor.version" value="Temurin-17.0.2+8"/>
    <property name="localRepository" value="/Users/argos/.m2/repository"/>
    <property name="java.vendor.url.bug" value="https://github.com/adoptium/adoptium-support/issues"/>
    <property name="java.io.tmpdir" value="/var/folders/0k/rlxb94_5215dqv59_1fjdh4h0000gn/T/"/>
    <property name="java.version" value="17.0.2"/>
    <property name="user.dir" value="/Users/argos/_dev/my-training-notes/demos/helloservlets"/>
    <property name="os.arch" value="x86_64"/>
    <property name="java.vm.specification.name" value="Java Virtual Machine Specification"/>
    <property name="native.encoding" value="UTF-8"/>
    <property name="java.library.path" value="/Users/argos/Library/Java/Extensions:/Library/Java/Extensions:/Network/Library/Java/Extensions:/System/Library/Java/Extensions:/usr/lib/java:."/>
    <property name="java.vm.info" value="mixed mode, sharing"/>
    <property name="java.vendor" value="Eclipse Adoptium"/>
    <property name="java.vm.version" value="17.0.2+8"/>
    <property name="sun.io.unicode.encoding" value="UnicodeBig"/>
    <property name="socksNonProxyHosts" value="local|*.local|169.254/16|*.169.254/16"/>
    <property name="java.class.version" value="61.0"/>
  </properties>
  <testcase name="testApp" classname="com.revature.AppTest" time="0.038"/>
</testsuite>